A01	0	R$550,00	
.00	0	R$0,00	
A02	0	R$550,00	
.00	-1761607019	R$0,00	
A03	0	R$550,00	
.00	0	R$0,00	

A04	0	R$550,00	
.00	0	R$0,00	
A05	0	R$550,00	
.00	0	R$0,00	
A06	0	R$550,00	
.00	0	R$0,00	

B01	0	R$550,00	
.00	4	R$0,00	
B02	0	R$550,00	
.00	0	R$0,00	
B03	0	R$550,00	
.00	0	R$0,00	

B04	0	R$550,00	
.00	0	R$0,00	
B05	0	R$550,00	
.00	6486072	R$0,00	
B06	0	R$550,00	
.00	0	R$0,00	

C01	0	R$550,00	
.00	0	R$0,00	
C02	0	R$550,00	
.00	-864297140	R$0,00	
C03	0	R$550,00	
.00	7667712	R$0,00	

C04	0	R$550,00	
.00	-864417205	R$0,00	
C05	0	R$550,00	
.00	0	R$0,00	
C06	0	R$550,00	
.00	1	R$0,00	

D01	0	R$550,00	
.00	0	R$0,00	
D02	0	R$550,00	
.00	-863317744	R$0,00	
D03	0	R$550,00	
.00	7751648	R$0,00	

D04	0	R$550,00	
.00	0	R$0,00	
D05	0	R$550,00	
.00	8192	R$0,00	
D06	0	R$550,00	
.00	566	R$0,00	

E01	0	R$550,00	
.00	3	R$0,00	
E02	0	R$550,00	
.00	-863958663	R$0,00	
E03	0	R$550,00	
.00	0	R$0,00	

E04	0	R$550,00	
.00	1971016	R$0,00	
E05	0	R$550,00	
.00	0	R$0,00	
E06	0	R$550,00	
.00	1971024	R$0,00	

F01	0	R$550,00	
.00	1971008	R$0,00	
F02	0	R$550,00	
.00	33554434	R$0,00	
F03	0	R$550,00	
.00	114	R$0,00	

F04	0	R$550,00	
.00	234881038	R$0,00	
F05	0	R$550,00	
.00	7751648	R$0,00	
F06	0	R$550,00	
.00	10	R$0,00	

G01	0	R$550,00	
.00	1152	R$0,00	
G02	0	R$550,00	
.00	-864297140	R$0,00	
G03	0	R$550,00	
.00	1966080	R$0,00	

G04	0	R$550,00	
.00	0	R$0,00	
G05	0	R$550,00	
.00	0	R$0,00	
G06	0	R$550,00	
.00	1	R$0,00	

H01	0	R$550,00	
.00	0	R$0,00	
H02	0	R$550,00	
.00	1023410492	R$0,00	
H03	0	R$550,00	
.00	1971200	R$0,00	

H04	0	R$550,00	
.00	4194304	R$0,00	
H05	0	R$550,00	
.00	4096	R$0,00	
H06	0	R$550,00	
.00	103	R$0,00	

I01	0	R$550,00	
.00	4207056	R$0,00	
I02	0	R$550,00	
.00	-904413677	R$0,00	
I03	0	R$550,00	
.00	4233760	R$0,00	

I04	0	R$550,00	
.00	147456	R$0,00	
I05	0	R$550,00	
.00	6487048	R$0,00	
I06	0	R$550,00	
.00	6357064	R$0,00	

J01	0	R$550,00	
.00	6619245	R$0,00	
J02	0	R$550,00	
.00	1879048304	R$0,00	
J03	0	R$550,00	
.00	6488175	R$0,00	

J04	0	R$550,00	
.00	1023410492	R$0,00	
J05	0	R$550,00	
.00	6357109	R$0,00	
J06	0	R$550,00	
.00	6357106	R$0,00	

K01	0	R$550,00	
.00	144	R$0,00	
K02	0	R$550,00	
.00	1966080	R$0,00	
K03	0	R$550,00	
.00	1966080	R$0,00	

K04	0	R$550,00	
.00	0	R$0,00	
K05	0	R$550,00	
.00	7274612	R$0,00	
K06	0	R$550,00	
.00	4194304	R$0,00	

L01	0	R$550,00	
.00	1971040	R$0,00	
L02	0	R$550,00	
.00	268501009	R$0,00	
L03	0	R$550,00	
.00	4207520	R$0,00	

L04	0	R$550,00	
.00	8	R$0,00	
L05	0	R$550,00	
.00	8	R$0,00	
L06	0	R$550,00	
.00	132	R$0,00	

M01	0	R$550,00	
.00	-1	R$-1,#R	
M02	0	R$550,00	
.00	4208553	R$0,00	
M03	0	R$550,00	
.00	0	R$0,00	

