A01
0
550.00
A02
0
550.00
A03
0
550.00
A04
0
550.00
A05
0
550.00
A06
0
550.00
B01
0
550.00
B02
0
550.00
B03
0
550.00
B04
0
550.00
B05
0
550.00
B06
0
550.00
C01
0
550.00
C02
0
550.00
C03
0
550.00
C04
0
550.00
C05
0
550.00
C06
0
550.00
D01
0
550.00
D02
0
550.00
D03
0
550.00
D04
0
550.00
D05
0
550.00
D06
0
550.00
E01
0
550.00
E02
0
550.00
E03
0
550.00
E04
0
550.00
E05
0
550.00
E06
0
550.00
F01
0
550.00
F02
0
550.00
F03
0
550.00
F04
0
550.00
F05
0
550.00
F06
0
550.00
G01
0
550.00
G02
0
550.00
G03
0
550.00
G04
0
550.00
G05
0
550.00
G06
0
550.00
H01
0
550.00
H02
0
550.00
H03
0
550.00
H04
0
550.00
H05
0
550.00
H06
0
550.00
I01
0
550.00
I02
0
550.00
I03
0
550.00
I04
0
550.00
I05
0
550.00
I06
0
550.00
J01
0
550.00
J02
0
550.00
J03
0
550.00
J04
0
550.00
J05
0
550.00
J06
0
550.00
K01
0
550.00
K02
0
550.00
K03
0
550.00
K04
0
550.00
K05
0
550.00
K06
0
550.00
L01
0
550.00
L02
0
550.00
L03
0
550.00
L04
0
550.00
L05
0
550.00
L06
0
550.00
M01
0
550.00
M02
0
550.00
M03
0
550.00
M04
0
550.00
M05
0
550.00
M06
0
550.00
N01
0
550.00
N02
0
550.00
N03
0
550.00
N04
0
550.00
N05
0
550.00
N06
0
550.00
O01
0
550.00
O02
0
550.00
O03
0
550.00
O04
0
550.00
O05
0
550.00
O06
0
550.00
P01
0
550.00
P02
0
550.00
P03
0
550.00
P04
0
550.00
P05
0
550.00
P06
0
550.00
Q01
0
550.00
Q02
0
550.00
Q03
0
550.00
Q04
0
550.00
Q05
0
550.00
Q06
0
550.00
R01
0
550.00
R02
0
550.00
R03
0
550.00
R04
0
550.00
R05
0
550.00
R06
0
550.00
S01
0
550.00
S02
0
550.00
S03
0
550.00
S04
0
550.00
S05
0
550.00
S06
0
550.00
T01
0
550.00
T02
0
550.00
T03
0
550.00
T04
0
550.00
T05
0
550.00
T06
0
550.00
U01
0
550.00
U02
0
550.00
U03
0
550.00
U04
0
550.00
U05
0
550.00
U06
0
550.00
V01
0
550.00
V02
0
550.00
V03
0
550.00
V04
0
550.00
V05
0
550.00
V06
0
550.00
W01
0
550.00
W02
0
550.00
W03
0
550.00
W04
0
550.00
W05
0
550.00
W06
0
550.00
X01
0
550.00
X02
0
550.00
X03
0
550.00
X04
0
550.00
X05
0
550.00
X06
0
550.00
Y01
0
550.00
Y02
0
550.00
Y03
0
550.00
Y04
0
550.00
Y05
0
550.00
Y06
0
550.00
